Watching for file changes with StatReloader
Watching for file changes with StatReloader
Forbidden (CSRF token from POST incorrect.): /admin/login/
"POST /admin/login/?next=/admin/ HTTP/1.1" 403 2560
"GET / HTTP/1.1" 200 14870
"GET /static/js/header.js HTTP/1.1" 304 0
"GET /static/css/mainPage.css HTTP/1.1" 304 0
"GET /static/css/footer.css HTTP/1.1" 304 0
"GET /static/css/logged_out.css HTTP/1.1" 304 0
"GET /static/css/collections_list.css HTTP/1.1" 304 0
"GET /static/css/collection_list.css HTTP/1.1" 304 0
"GET /static/font-awesome/css/font-awesome.min.css HTTP/1.1" 304 0
"GET /static/css/slider.css HTTP/1.1" 304 0
"GET /static/js/jquery.js HTTP/1.1" 304 0
"GET /static/js/slider.js HTTP/1.1" 304 0
"GET /static/img/img-slider/plush_preorder_banner_2048x.webp HTTP/1.1" 304 0
"GET /static/img/img-slider/omori_preorder_banner_2048x.webp HTTP/1.1" 304 0
"GET /static/img/img-slider/omori_banner1_71c5059d-da1e-4e64-b7e2-bf14d1545962_2048x.webp HTTP/1.1" 304 0
"GET /static/img/logo.jpg HTTP/1.1" 304 0
"GET /static/js/ajax_search.js HTTP/1.1" 304 0
"GET /static/img/search.svg HTTP/1.1" 304 0
"GET /static/img/shopping-cart.svg HTTP/1.1" 304 0
"GET /static/img/user.svg HTTP/1.1" 304 0
"GET /static/img/search-button.svg HTTP/1.1" 304 0
"GET /static/img/cancel.svg HTTP/1.1" 304 0
"GET /static/font-awesome/fonts/fontawesome-webfont.woff2?v=4.7.0 HTTP/1.1" 304 0
"GET /cart/view_cart/ HTTP/1.1" 200 27
"GET /admin/ HTTP/1.1" 200 10684
"GET /admin/ HTTP/1.1" 200 10684
"GET /admin/logout/ HTTP/1.1" 200 14177
"GET /cart/view_cart/ HTTP/1.1" 302 0
"GET /static/img/user-hover.svg HTTP/1.1" 304 0
Not Found: /accounts/login/
"GET /accounts/login/?next=/cart/view_cart/ HTTP/1.1" 404 5292
"GET / HTTP/1.1" 200 14831
"GET /cart/view_cart/ HTTP/1.1" 302 0
Not Found: /accounts/login/
"GET /accounts/login/?next=/cart/view_cart/ HTTP/1.1" 404 5292
"GET /admin/ HTTP/1.1" 302 0
"GET /admin/login/?next=/admin/ HTTP/1.1" 200 2302
"POST /admin/login/?next=/admin/ HTTP/1.1" 200 2570
"POST /admin/login/?next=/admin/ HTTP/1.1" 200 2570
"POST /admin/login/?next=/admin/ HTTP/1.1" 200 2570
C:\Users\yauro\UWUDEAD_Shop\OMODED_Shop\settings.py changed, reloading.
Watching for file changes with StatReloader
"POST /admin/login/?next=/admin/ HTTP/1.1" 302 0
"GET /admin/ HTTP/1.1" 200 10684
"GET /admin/logout/ HTTP/1.1" 200 14177
"GET /cart/view_cart/ HTTP/1.1" 302 0
Not Found: /accounts/login/
"GET /accounts/login/?next=/cart/view_cart/ HTTP/1.1" 404 5292
"GET /static/img/shopping-cart-hover.svg HTTP/1.1" 304 0
"GET / HTTP/1.1" 200 14831
"GET /cart/view_cart/ HTTP/1.1" 302 0
Not Found: /accounts/login/
"GET /accounts/login/?next=/cart/view_cart/ HTTP/1.1" 404 5292
Watching for file changes with StatReloader
"GET /community/faq/ HTTP/1.1" 200 14297
"GET /static/js/header.js HTTP/1.1" 304 0
"GET /static/css/mainPage.css HTTP/1.1" 304 0
"GET /static/css/footer.css HTTP/1.1" 304 0
"GET /static/css/collections_list.css HTTP/1.1" 304 0
"GET /static/font-awesome/css/font-awesome.min.css HTTP/1.1" 304 0
"GET /static/css/logged_out.css HTTP/1.1" 304 0
"GET /static/css/collection_list.css HTTP/1.1" 304 0
"GET /static/js/jquery.js HTTP/1.1" 304 0
"GET /static/css/faq.css HTTP/1.1" 304 0
"GET /static/js/ajax_search.js HTTP/1.1" 304 0
"GET /static/js/ajax_cart.js HTTP/1.1" 304 0
"GET /static/img/logo.jpg HTTP/1.1" 304 0
"GET /static/img/search.svg HTTP/1.1" 304 0
"GET /static/img/search-button.svg HTTP/1.1" 304 0
"GET /static/img/cancel.svg HTTP/1.1" 304 0
"GET /static/img/user.svg HTTP/1.1" 304 0
"GET /static/img/shopping-cart.svg HTTP/1.1" 304 0
"GET /static/font-awesome/fonts/fontawesome-webfont.woff2?v=4.7.0 HTTP/1.1" 304 0
"GET /cart/view_cart/ HTTP/1.1" 302 0
Not Found: /accounts/login/
"GET /accounts/login/?next=/cart/view_cart/ HTTP/1.1" 404 5292
"GET /static/img/favicon.ico HTTP/1.1" 200 246846
"GET /static/img/shopping-cart-hover.svg HTTP/1.1" 200 617
"GET /static/img/cancel-hover.svg HTTP/1.1" 200 276
"GET /static/img/user-hover.svg HTTP/1.1" 200 277
"GET /account/login/ HTTP/1.1" 200 14843
"GET /static/css/login.css HTTP/1.1" 200 1492
"GET /cart/view_cart/ HTTP/1.1" 302 0
Not Found: /accounts/login/
"GET /accounts/login/?next=/cart/view_cart/ HTTP/1.1" 404 5292
"GET /static/img/search-hover.svg HTTP/1.1" 200 220
Not Found: /info
"GET /info HTTP/1.1" 404 5237
Not Found: /favicon.ico
"GET /favicon.ico HTTP/1.1" 404 5258
"GET /account/login/ HTTP/1.1" 200 14843
"GET /cart/view_cart/ HTTP/1.1" 302 0
Not Found: /accounts/login/
"GET /accounts/login/?next=/cart/view_cart/ HTTP/1.1" 404 5292
"GET /pages/about/ HTTP/1.1" 200 15399
"GET /static/css/about.css HTTP/1.1" 304 0
"GET /static/img/about-img/work_polaroid_480x480.webp HTTP/1.1" 304 0
"GET /cart/view_cart/ HTTP/1.1" 302 0
Not Found: /accounts/login/
"GET /accounts/login/?next=/cart/view_cart/ HTTP/1.1" 404 5292
Not Found: /info
"GET /info HTTP/1.1" 404 5237
Internal Server Error: /collections/omori/
Traceback (most recent call last):
  File "C:\Users\sllim\Desktop\UWUDEAD\UWUDEAD_production\venv\lib\site-packages\django\core\handlers\exception.py", line 55, in inner
    response = get_response(request)
  File "C:\Users\sllim\Desktop\UWUDEAD\UWUDEAD_production\venv\lib\site-packages\django\core\handlers\base.py", line 197, in _get_response
    response = wrapped_callback(request, *callback_args, **callback_kwargs)
  File "C:\Users\sllim\Desktop\UWUDEAD\UWUDEAD_production\venv\lib\site-packages\django\views\generic\base.py", line 84, in view
    return self.dispatch(request, *args, **kwargs)
  File "C:\Users\sllim\Desktop\UWUDEAD\UWUDEAD_production\venv\lib\site-packages\django\views\generic\base.py", line 119, in dispatch
    return handler(request, *args, **kwargs)
  File "C:\Users\sllim\Desktop\UWUDEAD\UWUDEAD_production\venv\lib\site-packages\django\views\generic\list.py", line 174, in get
    context = self.get_context_data()
  File "C:\Users\sllim\Desktop\UWUDEAD\UWUDEAD_production\shop\views.py", line 33, in get_context_data
    'collection': Collections.objects.get(slug=self.kwargs['collection_slug']),
  File "C:\Users\sllim\Desktop\UWUDEAD\UWUDEAD_production\venv\lib\site-packages\django\db\models\manager.py", line 85, in manager_method
    return getattr(self.get_queryset(), name)(*args, **kwargs)
  File "C:\Users\sllim\Desktop\UWUDEAD\UWUDEAD_production\venv\lib\site-packages\django\db\models\query.py", line 496, in get
    raise self.model.DoesNotExist(
shop.models.Collections.DoesNotExist: Collections matching query does not exist.
"GET /collections/omori/ HTTP/1.1" 500 88492
"GET /collections HTTP/1.1" 301 0
"GET /collections/ HTTP/1.1" 200 14036
"GET /cart/view_cart/ HTTP/1.1" 302 0
Not Found: /accounts/login/
"GET /accounts/login/?next=/cart/view_cart/ HTTP/1.1" 404 5292
"GET /admin HTTP/1.1" 301 0
"GET /admin/ HTTP/1.1" 302 0
"GET /admin/login/?next=/admin/ HTTP/1.1" 200 2302
"GET /static/admin/css/base.css HTTP/1.1" 200 19513
"GET /static/admin/css/nav_sidebar.css HTTP/1.1" 200 2616
"GET /static/admin/css/login.css HTTP/1.1" 200 954
"GET /static/admin/css/responsive.css HTTP/1.1" 200 18575
"GET /static/admin/css/fonts.css HTTP/1.1" 200 423
"GET /static/admin/js/nav_sidebar.js HTTP/1.1" 200 3763
"GET /static/admin/fonts/Roboto-Light-webfont.woff HTTP/1.1" 200 85692
"GET /static/admin/fonts/Roboto-Regular-webfont.woff HTTP/1.1" 200 85876
"POST /admin/login/?next=/admin/ HTTP/1.1" 200 2567
"GET /static/admin/fonts/Roboto-Bold-webfont.woff HTTP/1.1" 200 86184
"POST /admin/login/?next=/admin/ HTTP/1.1" 200 2567
"POST /admin/login/?next=/admin/ HTTP/1.1" 200 2567
"POST /admin/login/?next=/admin/ HTTP/1.1" 302 0
"GET /admin/ HTTP/1.1" 200 7720
"GET /static/admin/css/dashboard.css HTTP/1.1" 200 380
"GET /static/admin/img/icon-addlink.svg HTTP/1.1" 200 331
"GET /static/admin/img/icon-changelink.svg HTTP/1.1" 200 380
"GET /admin/shop/collections/add/ HTTP/1.1" 200 9973
"GET /static/admin/css/forms.css HTTP/1.1" 200 8878
"GET /admin/jsi18n/ HTTP/1.1" 200 15618
"GET /static/admin/js/jquery.init.js HTTP/1.1" 200 347
"GET /static/admin/js/core.js HTTP/1.1" 200 5698
"GET /static/admin/js/admin/RelatedObjectLookups.js HTTP/1.1" 200 5984
"GET /static/admin/css/widgets.css HTTP/1.1" 200 11097
"GET /static/admin/js/actions.js HTTP/1.1" 200 7872
"GET /static/admin/js/urlify.js HTTP/1.1" 200 7902
"GET /static/admin/js/prepopulate.js HTTP/1.1" 200 1531
"GET /static/admin/js/prepopulate_init.js HTTP/1.1" 200 492
"GET /static/admin/js/vendor/jquery/jquery.js HTTP/1.1" 200 288580
"GET /static/admin/js/change_form.js HTTP/1.1" 200 606
"GET /static/admin/js/vendor/xregexp/xregexp.js HTTP/1.1" 200 232381
"POST /admin/shop/collections/add/ HTTP/1.1" 302 0
"GET /admin/shop/collections/ HTTP/1.1" 200 10734
"GET /admin/jsi18n/ HTTP/1.1" 200 15618
"GET /static/admin/css/changelists.css HTTP/1.1" 200 6932
"GET /static/admin/img/search.svg HTTP/1.1" 200 458
"GET /static/admin/img/sorting-icons.svg HTTP/1.1" 200 1097
"GET /static/admin/img/icon-yes.svg HTTP/1.1" 200 436
"GET /static/admin/img/tooltag-add.svg HTTP/1.1" 200 331
"GET /admin/shop/goods/ HTTP/1.1" 200 8686
"GET /admin/jsi18n/ HTTP/1.1" 200 15618
"GET /admin/shop/goods/add/ HTTP/1.1" 200 15250
"GET /admin/jsi18n/ HTTP/1.1" 200 15618
"GET /static/admin/js/SelectBox.js HTTP/1.1" 200 4360
"GET /static/admin/js/SelectFilter2.js HTTP/1.1" 200 12350
"GET /static/admin/img/selector-icons.svg HTTP/1.1" 200 3291
"GET /static/admin/img/icon-unknown.svg HTTP/1.1" 200 655
"GET /static/admin/img/icon-unknown-alt.svg HTTP/1.1" 200 655
"POST /admin/shop/goods/add/ HTTP/1.1" 200 15640
"GET /admin/jsi18n/ HTTP/1.1" 200 15618
"POST /admin/shop/goods/add/ HTTP/1.1" 302 0
"GET /admin/shop/goods/ HTTP/1.1" 200 11601
"GET /admin/jsi18n/ HTTP/1.1" 200 15618
"GET /static/admin/img/icon-no.svg HTTP/1.1" 200 560
"GET / HTTP/1.1" 200 14870
"GET /static/css/slider.css HTTP/1.1" 304 0
"GET /static/js/slider.js HTTP/1.1" 304 0
"GET /static/img/img-slider/plush_preorder_banner_2048x.webp HTTP/1.1" 304 0
"GET /static/img/img-slider/omori_banner1_71c5059d-da1e-4e64-b7e2-bf14d1545962_2048x.webp HTTP/1.1" 304 0
"GET /static/img/img-slider/omori_preorder_banner_2048x.webp HTTP/1.1" 304 0
"GET /cart/view_cart/ HTTP/1.1" 200 27
"GET /collections/omori/ HTTP/1.1" 200 14697
"GET /media/photos/22-06-15/omori_plushie.png HTTP/1.1" 200 701567
"GET /cart/view_cart/ HTTP/1.1" 200 27
"GET /collections/omori/product/123/ HTTP/1.1" 200 17817
"GET /static/css/product.css HTTP/1.1" 200 3242
"GET /static/js/product.js HTTP/1.1" 200 408
"GET /media/photos/22-06-15/omori_plushie.png HTTP/1.1" 304 0
"GET /cart/view_cart/ HTTP/1.1" 200 27
"GET /collections/omori/product/123/ HTTP/1.1" 200 17817
"GET /media/photos/22-06-15/omori_plushie.png HTTP/1.1" 304 0
"GET /cart/view_cart/ HTTP/1.1" 200 27
"GET /cart/add-to-cart/1/?csrfmiddlewaretoken=S6gEqvLh36uJViLtnIV9jzNiNSH9EfhQKLqJZKOr3wQ4671pbTGi9LauYJfRlQiI&properties%5BProduct+Type%5D=normal&quantity=1&add= HTTP/1.1" 302 0
"GET / HTTP/1.1" 200 15028
"GET /cart/view_cart/ HTTP/1.1" 200 111
"GET / HTTP/1.1" 200 15045
"GET /static/img/favicon.ico HTTP/1.1" 304 0
"GET /cart/view_cart/ HTTP/1.1" 200 111
"GET / HTTP/1.1" 200 15045
"GET /cart/view_cart/ HTTP/1.1" 200 111
"GET /account/profile/ HTTP/1.1" 200 14782
"GET /static/css/profile.css HTTP/1.1" 200 1539
"GET /cart/view_cart/ HTTP/1.1" 200 111
"GET / HTTP/1.1" 200 15045
"GET /cart/view_cart/ HTTP/1.1" 200 111
"GET / HTTP/1.1" 200 15142
"GET /cart/view_cart/ HTTP/1.1" 200 111
"GET / HTTP/1.1" 200 15142
"GET /cart/view_cart/ HTTP/1.1" 200 111
"GET / HTTP/1.1" 200 15142
"GET /cart/view_cart/ HTTP/1.1" 200 111
"GET / HTTP/1.1" 200 15142
"GET /cart/view_cart/ HTTP/1.1" 200 111
"GET / HTTP/1.1" 200 15142
"GET /cart/view_cart/ HTTP/1.1" 200 111
"GET /account/profile/ HTTP/1.1" 200 14879
"GET /cart/view_cart/ HTTP/1.1" 200 111
"GET /account/profile/ HTTP/1.1" 200 14879
"GET /cart/view_cart/ HTTP/1.1" 200 111
"GET /account/profile/ HTTP/1.1" 200 14879
"GET /static/img/favicon.ico HTTP/1.1" 304 0
"GET /cart/view_cart/ HTTP/1.1" 200 111
"GET /account/profile/ HTTP/1.1" 200 14879
"GET /cart/view_cart/ HTTP/1.1" 200 111
"GET /account/profile/ HTTP/1.1" 200 14879
"GET /static/img/favicon.ico HTTP/1.1" 304 0
"GET /cart/view_cart/ HTTP/1.1" 200 111
"GET /account/profile/ HTTP/1.1" 200 14879
"GET /cart/view_cart/ HTTP/1.1" 200 111
"GET /account/profile/ HTTP/1.1" 200 14879
"GET /cart/view_cart/ HTTP/1.1" 200 111
Internal Server Error: /account/profile/
Traceback (most recent call last):
  File "C:\Users\sllim\Desktop\UWUDEAD\UWUDEAD_production\venv\lib\site-packages\django\core\handlers\exception.py", line 55, in inner
    response = get_response(request)
  File "C:\Users\sllim\Desktop\UWUDEAD\UWUDEAD_production\venv\lib\site-packages\django\core\handlers\base.py", line 197, in _get_response
    response = wrapped_callback(request, *callback_args, **callback_kwargs)
  File "C:\Users\sllim\Desktop\UWUDEAD\UWUDEAD_production\accounts\views.py", line 7, in my_profile
    my_user_profile = Profile.objects.filter(user=request.user).first()
  File "C:\Users\sllim\Desktop\UWUDEAD\UWUDEAD_production\venv\lib\site-packages\django\db\models\manager.py", line 85, in manager_method
    return getattr(self.get_queryset(), name)(*args, **kwargs)
  File "C:\Users\sllim\Desktop\UWUDEAD\UWUDEAD_production\venv\lib\site-packages\django\db\models\query.py", line 1071, in filter
    return self._filter_or_exclude(False, args, kwargs)
  File "C:\Users\sllim\Desktop\UWUDEAD\UWUDEAD_production\venv\lib\site-packages\django\db\models\query.py", line 1089, in _filter_or_exclude
    clone._filter_or_exclude_inplace(negate, args, kwargs)
  File "C:\Users\sllim\Desktop\UWUDEAD\UWUDEAD_production\venv\lib\site-packages\django\db\models\query.py", line 1096, in _filter_or_exclude_inplace
    self._query.add_q(Q(*args, **kwargs))
  File "C:\Users\sllim\Desktop\UWUDEAD\UWUDEAD_production\venv\lib\site-packages\django\db\models\sql\query.py", line 1502, in add_q
    clause, _ = self._add_q(q_object, self.used_aliases)
  File "C:\Users\sllim\Desktop\UWUDEAD\UWUDEAD_production\venv\lib\site-packages\django\db\models\sql\query.py", line 1532, in _add_q
    child_clause, needed_inner = self.build_filter(
  File "C:\Users\sllim\Desktop\UWUDEAD\UWUDEAD_production\venv\lib\site-packages\django\db\models\sql\query.py", line 1415, in build_filter
    self.check_related_objects(join_info.final_field, value, join_info.opts)
  File "C:\Users\sllim\Desktop\UWUDEAD\UWUDEAD_production\venv\lib\site-packages\django\db\models\sql\query.py", line 1228, in check_related_objects
    for v in value:
  File "C:\Users\sllim\Desktop\UWUDEAD\UWUDEAD_production\venv\lib\site-packages\django\utils\functional.py", line 259, in inner
    return func(self._wrapped, *args)
TypeError: 'AnonymousUser' object is not iterable
"GET /account/profile/ HTTP/1.1" 500 108211
Internal Server Error: /account/profile/
Traceback (most recent call last):
  File "C:\Users\sllim\Desktop\UWUDEAD\UWUDEAD_production\venv\lib\site-packages\django\core\handlers\exception.py", line 55, in inner
    response = get_response(request)
  File "C:\Users\sllim\Desktop\UWUDEAD\UWUDEAD_production\venv\lib\site-packages\django\core\handlers\base.py", line 197, in _get_response
    response = wrapped_callback(request, *callback_args, **callback_kwargs)
  File "C:\Users\sllim\Desktop\UWUDEAD\UWUDEAD_production\accounts\views.py", line 7, in my_profile
    my_user_profile = Profile.objects.filter(user=request.user).first()
  File "C:\Users\sllim\Desktop\UWUDEAD\UWUDEAD_production\venv\lib\site-packages\django\db\models\manager.py", line 85, in manager_method
    return getattr(self.get_queryset(), name)(*args, **kwargs)
  File "C:\Users\sllim\Desktop\UWUDEAD\UWUDEAD_production\venv\lib\site-packages\django\db\models\query.py", line 1071, in filter
    return self._filter_or_exclude(False, args, kwargs)
  File "C:\Users\sllim\Desktop\UWUDEAD\UWUDEAD_production\venv\lib\site-packages\django\db\models\query.py", line 1089, in _filter_or_exclude
    clone._filter_or_exclude_inplace(negate, args, kwargs)
  File "C:\Users\sllim\Desktop\UWUDEAD\UWUDEAD_production\venv\lib\site-packages\django\db\models\query.py", line 1096, in _filter_or_exclude_inplace
    self._query.add_q(Q(*args, **kwargs))
  File "C:\Users\sllim\Desktop\UWUDEAD\UWUDEAD_production\venv\lib\site-packages\django\db\models\sql\query.py", line 1502, in add_q
    clause, _ = self._add_q(q_object, self.used_aliases)
  File "C:\Users\sllim\Desktop\UWUDEAD\UWUDEAD_production\venv\lib\site-packages\django\db\models\sql\query.py", line 1532, in _add_q
    child_clause, needed_inner = self.build_filter(
  File "C:\Users\sllim\Desktop\UWUDEAD\UWUDEAD_production\venv\lib\site-packages\django\db\models\sql\query.py", line 1415, in build_filter
    self.check_related_objects(join_info.final_field, value, join_info.opts)
  File "C:\Users\sllim\Desktop\UWUDEAD\UWUDEAD_production\venv\lib\site-packages\django\db\models\sql\query.py", line 1228, in check_related_objects
    for v in value:
  File "C:\Users\sllim\Desktop\UWUDEAD\UWUDEAD_production\venv\lib\site-packages\django\utils\functional.py", line 259, in inner
    return func(self._wrapped, *args)
TypeError: 'AnonymousUser' object is not iterable
"GET /account/profile/ HTTP/1.1" 500 108211
Internal Server Error: /account/profile/
Traceback (most recent call last):
  File "C:\Users\sllim\Desktop\UWUDEAD\UWUDEAD_production\venv\lib\site-packages\django\core\handlers\exception.py", line 55, in inner
    response = get_response(request)
  File "C:\Users\sllim\Desktop\UWUDEAD\UWUDEAD_production\venv\lib\site-packages\django\core\handlers\base.py", line 197, in _get_response
    response = wrapped_callback(request, *callback_args, **callback_kwargs)
  File "C:\Users\sllim\Desktop\UWUDEAD\UWUDEAD_production\accounts\views.py", line 7, in my_profile
    my_user_profile = Profile.objects.filter(user=request.user).first()
  File "C:\Users\sllim\Desktop\UWUDEAD\UWUDEAD_production\venv\lib\site-packages\django\db\models\manager.py", line 85, in manager_method
    return getattr(self.get_queryset(), name)(*args, **kwargs)
  File "C:\Users\sllim\Desktop\UWUDEAD\UWUDEAD_production\venv\lib\site-packages\django\db\models\query.py", line 1071, in filter
    return self._filter_or_exclude(False, args, kwargs)
  File "C:\Users\sllim\Desktop\UWUDEAD\UWUDEAD_production\venv\lib\site-packages\django\db\models\query.py", line 1089, in _filter_or_exclude
    clone._filter_or_exclude_inplace(negate, args, kwargs)
  File "C:\Users\sllim\Desktop\UWUDEAD\UWUDEAD_production\venv\lib\site-packages\django\db\models\query.py", line 1096, in _filter_or_exclude_inplace
    self._query.add_q(Q(*args, **kwargs))
  File "C:\Users\sllim\Desktop\UWUDEAD\UWUDEAD_production\venv\lib\site-packages\django\db\models\sql\query.py", line 1502, in add_q
    clause, _ = self._add_q(q_object, self.used_aliases)
  File "C:\Users\sllim\Desktop\UWUDEAD\UWUDEAD_production\venv\lib\site-packages\django\db\models\sql\query.py", line 1532, in _add_q
    child_clause, needed_inner = self.build_filter(
  File "C:\Users\sllim\Desktop\UWUDEAD\UWUDEAD_production\venv\lib\site-packages\django\db\models\sql\query.py", line 1415, in build_filter
    self.check_related_objects(join_info.final_field, value, join_info.opts)
  File "C:\Users\sllim\Desktop\UWUDEAD\UWUDEAD_production\venv\lib\site-packages\django\db\models\sql\query.py", line 1228, in check_related_objects
    for v in value:
  File "C:\Users\sllim\Desktop\UWUDEAD\UWUDEAD_production\venv\lib\site-packages\django\utils\functional.py", line 259, in inner
    return func(self._wrapped, *args)
TypeError: 'AnonymousUser' object is not iterable
"GET /account/profile/ HTTP/1.1" 500 108211
"GET / HTTP/1.1" 200 14831
"GET /static/css/mainPage.css HTTP/1.1" 200 12053
"GET /static/js/header.js HTTP/1.1" 200 308
"GET /static/css/collections_list.css HTTP/1.1" 200 942
"GET /static/css/slider.css HTTP/1.1" 200 2204
"GET /static/css/footer.css HTTP/1.1" 200 2685
"GET /static/css/collection_list.css HTTP/1.1" 200 1054
"GET /static/css/logged_out.css HTTP/1.1" 200 384
"GET /static/font-awesome/css/font-awesome.min.css HTTP/1.1" 200 31004
"GET /static/js/jquery.js HTTP/1.1" 200 299461
"GET /static/js/slider.js HTTP/1.1" 200 1479
"GET /static/js/ajax_search.js HTTP/1.1" 200 1381
"GET /static/js/ajax_cart.js HTTP/1.1" 200 1306
"GET /static/img/logo.jpg HTTP/1.1" 200 40755
"GET /static/img/img-slider/omori_banner1_71c5059d-da1e-4e64-b7e2-bf14d1545962_2048x.webp HTTP/1.1" 200 394408
"GET /static/img/img-slider/omori_preorder_banner_2048x.webp HTTP/1.1" 200 342868
"GET /static/img/img-slider/plush_preorder_banner_2048x.webp HTTP/1.1" 200 268164
"GET /static/img/search.svg HTTP/1.1" 200 220
"GET /static/img/cancel.svg HTTP/1.1" 200 276
"GET /static/img/user.svg HTTP/1.1" 200 277
"GET /static/img/shopping-cart.svg HTTP/1.1" 200 617
"GET /static/img/search-button.svg HTTP/1.1" 200 220
"GET /static/font-awesome/fonts/fontawesome-webfont.woff2?v=4.7.0 HTTP/1.1" 200 77160
"GET /cart/view_cart/ HTTP/1.1" 302 0
Not Found: /accounts/login/
"GET /accounts/login/?next=/cart/view_cart/ HTTP/1.1" 404 5292
"GET /static/img/favicon.ico HTTP/1.1" 200 246846
"GET /static/img/search-hover.svg HTTP/1.1" 200 220
"GET /static/img/shopping-cart-hover.svg HTTP/1.1" 200 617
"GET /static/img/cancel-hover.svg HTTP/1.1" 200 276
"GET /static/img/user-hover.svg HTTP/1.1" 200 277
"GET /account/login/ HTTP/1.1" 200 14843
"GET /static/css/mainPage.css HTTP/1.1" 304 0
"GET /static/css/login.css HTTP/1.1" 200 1492
"GET /cart/view_cart/ HTTP/1.1" 302 0
Not Found: /accounts/login/
"GET /accounts/login/?next=/cart/view_cart/ HTTP/1.1" 404 5292
"POST /account/login/ HTTP/1.1" 302 0
"GET / HTTP/1.1" 200 15142
"GET /static/css/mainPage.css HTTP/1.1" 304 0
"GET /cart/view_cart/ HTTP/1.1" 200 111
"GET /collections/omori HTTP/1.1" 301 0
"GET /collections/omori/ HTTP/1.1" 200 14969
"GET /media/photos/22-06-15/omori_plushie.png HTTP/1.1" 200 701567
"GET /cart/view_cart/ HTTP/1.1" 200 111
"GET /collections/omori/product/123/ HTTP/1.1" 200 18089
"GET /static/css/mainPage.css HTTP/1.1" 304 0
"GET /static/css/product.css HTTP/1.1" 200 3242
"GET /static/js/product.js HTTP/1.1" 200 408
"GET /cart/view_cart/ HTTP/1.1" 200 111
"GET /cart/add-to-cart/1/?csrfmiddlewaretoken=1tJIJqiRAI4dagYB4puQflVt4TllNZRf4odY3tBPSrSbtcnvvLZ3c4RSC59678NM&properties%5BProduct+Type%5D=normal&quantity=1&add= HTTP/1.1" 302 0
"GET / HTTP/1.1" 200 15142
"GET /cart/view_cart/ HTTP/1.1" 200 111
"GET /account/profile/ HTTP/1.1" 200 14879
"GET /static/css/mainPage.css HTTP/1.1" 304 0
"GET /static/css/profile.css HTTP/1.1" 200 1539
"GET /cart/view_cart/ HTTP/1.1" 200 111
"GET /account/profile/ HTTP/1.1" 200 14879
"GET /static/css/mainPage.css HTTP/1.1" 200 12053
"GET /cart/view_cart/ HTTP/1.1" 200 111
"GET /account/profile/ HTTP/1.1" 200 14879
"GET /static/css/mainPage.css HTTP/1.1" 200 12054
"GET /cart/view_cart/ HTTP/1.1" 200 111
"GET /account/profile/ HTTP/1.1" 200 14879
"GET /static/css/mainPage.css HTTP/1.1" 200 12055
"GET /cart/view_cart/ HTTP/1.1" 200 111
"GET /account/profile/ HTTP/1.1" 200 14879
"GET /static/css/mainPage.css HTTP/1.1" 304 0
"GET /cart/view_cart/ HTTP/1.1" 200 111
"GET /account/profile/ HTTP/1.1" 200 14879
"GET /static/css/mainPage.css HTTP/1.1" 200 12054
"GET /cart/view_cart/ HTTP/1.1" 200 111
"GET /account/profile/ HTTP/1.1" 200 14879
"GET /static/css/mainPage.css HTTP/1.1" 200 12077
"GET /static/img/favicon.ico HTTP/1.1" 304 0
"GET /cart/view_cart/ HTTP/1.1" 200 111
"GET /account/profile/ HTTP/1.1" 200 14879
"GET /static/css/mainPage.css HTTP/1.1" 200 12079
"GET /cart/view_cart/ HTTP/1.1" 200 111
"GET /account/profile/ HTTP/1.1" 200 14879
"GET /static/css/mainPage.css HTTP/1.1" 200 12079
"GET /cart/view_cart/ HTTP/1.1" 200 111
"GET /account/profile/ HTTP/1.1" 200 14879
"GET /static/css/mainPage.css HTTP/1.1" 200 12099
"GET /cart/view_cart/ HTTP/1.1" 200 111
"GET /account/profile/ HTTP/1.1" 200 14879
"GET /static/css/mainPage.css HTTP/1.1" 200 12099
"GET /cart/view_cart/ HTTP/1.1" 200 111
Watching for file changes with StatReloader
Internal Server Error: /account/profile/
Traceback (most recent call last):
  File "C:\Users\sllim\Desktop\UWUDEAD\UWUDEAD_production\venv\lib\site-packages\django\core\handlers\exception.py", line 55, in inner
    response = get_response(request)
  File "C:\Users\sllim\Desktop\UWUDEAD\UWUDEAD_production\venv\lib\site-packages\django\core\handlers\base.py", line 197, in _get_response
    response = wrapped_callback(request, *callback_args, **callback_kwargs)
  File "C:\Users\sllim\Desktop\UWUDEAD\UWUDEAD_production\accounts\views.py", line 7, in my_profile
    my_user_profile = Profile.objects.filter(user=request.user).first()
  File "C:\Users\sllim\Desktop\UWUDEAD\UWUDEAD_production\venv\lib\site-packages\django\db\models\manager.py", line 85, in manager_method
    return getattr(self.get_queryset(), name)(*args, **kwargs)
  File "C:\Users\sllim\Desktop\UWUDEAD\UWUDEAD_production\venv\lib\site-packages\django\db\models\query.py", line 1071, in filter
    return self._filter_or_exclude(False, args, kwargs)
  File "C:\Users\sllim\Desktop\UWUDEAD\UWUDEAD_production\venv\lib\site-packages\django\db\models\query.py", line 1089, in _filter_or_exclude
    clone._filter_or_exclude_inplace(negate, args, kwargs)
  File "C:\Users\sllim\Desktop\UWUDEAD\UWUDEAD_production\venv\lib\site-packages\django\db\models\query.py", line 1096, in _filter_or_exclude_inplace
    self._query.add_q(Q(*args, **kwargs))
  File "C:\Users\sllim\Desktop\UWUDEAD\UWUDEAD_production\venv\lib\site-packages\django\db\models\sql\query.py", line 1502, in add_q
    clause, _ = self._add_q(q_object, self.used_aliases)
  File "C:\Users\sllim\Desktop\UWUDEAD\UWUDEAD_production\venv\lib\site-packages\django\db\models\sql\query.py", line 1532, in _add_q
    child_clause, needed_inner = self.build_filter(
  File "C:\Users\sllim\Desktop\UWUDEAD\UWUDEAD_production\venv\lib\site-packages\django\db\models\sql\query.py", line 1415, in build_filter
    self.check_related_objects(join_info.final_field, value, join_info.opts)
  File "C:\Users\sllim\Desktop\UWUDEAD\UWUDEAD_production\venv\lib\site-packages\django\db\models\sql\query.py", line 1228, in check_related_objects
    for v in value:
  File "C:\Users\sllim\Desktop\UWUDEAD\UWUDEAD_production\venv\lib\site-packages\django\utils\functional.py", line 259, in inner
    return func(self._wrapped, *args)
TypeError: 'AnonymousUser' object is not iterable
"GET /account/profile/ HTTP/1.1" 500 108227
Not Found: /favicon.ico
"GET /favicon.ico HTTP/1.1" 404 5258
"GET / HTTP/1.1" 200 14831
"GET /static/js/header.js HTTP/1.1" 304 0
"GET /static/css/mainPage.css HTTP/1.1" 304 0
"GET /static/css/footer.css HTTP/1.1" 304 0
"GET /static/css/collections_list.css HTTP/1.1" 304 0
"GET /static/css/logged_out.css HTTP/1.1" 304 0
"GET /static/css/collection_list.css HTTP/1.1" 304 0
"GET /static/font-awesome/css/font-awesome.min.css HTTP/1.1" 304 0
"GET /static/css/slider.css HTTP/1.1" 304 0
"GET /static/js/jquery.js HTTP/1.1" 304 0
"GET /static/js/slider.js HTTP/1.1" 304 0
"GET /static/js/ajax_search.js HTTP/1.1" 304 0
"GET /static/js/ajax_cart.js HTTP/1.1" 304 0
"GET /static/img/logo.jpg HTTP/1.1" 304 0
"GET /static/img/img-slider/omori_banner1_71c5059d-da1e-4e64-b7e2-bf14d1545962_2048x.webp HTTP/1.1" 304 0
"GET /static/img/img-slider/plush_preorder_banner_2048x.webp HTTP/1.1" 304 0
"GET /static/img/img-slider/omori_preorder_banner_2048x.webp HTTP/1.1" 304 0
"GET /static/img/search.svg HTTP/1.1" 304 0
"GET /static/img/search-button.svg HTTP/1.1" 304 0
"GET /static/img/user.svg HTTP/1.1" 304 0
"GET /static/img/shopping-cart.svg HTTP/1.1" 304 0
"GET /static/img/cancel.svg HTTP/1.1" 304 0
"GET /static/font-awesome/fonts/fontawesome-webfont.woff2?v=4.7.0 HTTP/1.1" 304 0
"GET /cart/view_cart/ HTTP/1.1" 302 0
"GET /static/img/favicon.ico HTTP/1.1" 304 0
Not Found: /accounts/login/
"GET /accounts/login/?next=/cart/view_cart/ HTTP/1.1" 404 5292
"GET /static/img/user-hover.svg HTTP/1.1" 304 0
"GET /account/login/ HTTP/1.1" 200 14843
"GET /static/css/login.css HTTP/1.1" 304 0
"GET /cart/view_cart/ HTTP/1.1" 302 0
Not Found: /accounts/login/
"GET /accounts/login/?next=/cart/view_cart/ HTTP/1.1" 404 5292
"GET /static/img/search-hover.svg HTTP/1.1" 304 0
"GET /static/img/cancel-hover.svg HTTP/1.1" 304 0
"GET /static/img/shopping-cart-hover.svg HTTP/1.1" 304 0
"GET /account/login/ HTTP/1.1" 200 14843
"GET /cart/view_cart/ HTTP/1.1" 302 0
Not Found: /accounts/login/
"GET /accounts/login/?next=/cart/view_cart/ HTTP/1.1" 404 5292
"GET /account/login/ HTTP/1.1" 200 14843
"GET /cart/view_cart/ HTTP/1.1" 302 0
Not Found: /accounts/login/
"GET /accounts/login/?next=/cart/view_cart/ HTTP/1.1" 404 5292
"GET /account/login/ HTTP/1.1" 200 14843
"GET /cart/view_cart/ HTTP/1.1" 302 0
Not Found: /accounts/login/
"GET /accounts/login/?next=/cart/view_cart/ HTTP/1.1" 404 5292
"GET /account/login/ HTTP/1.1" 200 14843
"GET /cart/view_cart/ HTTP/1.1" 302 0
Not Found: /accounts/login/
"GET /accounts/login/?next=/cart/view_cart/ HTTP/1.1" 404 5292
"GET /account/login/ HTTP/1.1" 200 14843
"GET /cart/view_cart/ HTTP/1.1" 302 0
Not Found: /accounts/login/
"GET /accounts/login/?next=/cart/view_cart/ HTTP/1.1" 404 5292
"GET /account/login/ HTTP/1.1" 200 14843
"GET /cart/view_cart/ HTTP/1.1" 302 0
Not Found: /accounts/login/
"GET /accounts/login/?next=/cart/view_cart/ HTTP/1.1" 404 5292
"GET /account/login/ HTTP/1.1" 200 14843
"GET /cart/view_cart/ HTTP/1.1" 302 0
Not Found: /accounts/login/
"GET /accounts/login/?next=/cart/view_cart/ HTTP/1.1" 404 5292
"GET /account/login/ HTTP/1.1" 200 14843
"GET /cart/view_cart/ HTTP/1.1" 302 0
Not Found: /accounts/login/
"GET /accounts/login/?next=/cart/view_cart/ HTTP/1.1" 404 5292
"GET /account/login/ HTTP/1.1" 200 14843
"GET /cart/view_cart/ HTTP/1.1" 302 0
Not Found: /accounts/login/
"GET /accounts/login/?next=/cart/view_cart/ HTTP/1.1" 404 5292
"GET /account/login/ HTTP/1.1" 200 14843
"GET /static/js/header.js HTTP/1.1" 200 308
"GET /static/css/mainPage.css HTTP/1.1" 200 12143
"GET /static/css/login.css HTTP/1.1" 200 1492
"GET /static/font-awesome/css/font-awesome.min.css HTTP/1.1" 200 31004
"GET /static/css/footer.css HTTP/1.1" 200 2685
"GET /static/css/collection_list.css HTTP/1.1" 200 1054
"GET /static/css/logged_out.css HTTP/1.1" 200 384
"GET /static/css/collections_list.css HTTP/1.1" 200 942
"GET /static/js/jquery.js HTTP/1.1" 200 299461
"GET /static/js/ajax_search.js HTTP/1.1" 200 1381
"GET /static/js/ajax_cart.js HTTP/1.1" 200 1306
"GET /static/img/logo.jpg HTTP/1.1" 200 40755
"GET /static/img/cancel.svg HTTP/1.1" 200 276
"GET /static/img/shopping-cart.svg HTTP/1.1" 200 617
"GET /static/img/search.svg HTTP/1.1" 200 220
"GET /static/img/user.svg HTTP/1.1" 200 277
"GET /static/img/search-button.svg HTTP/1.1" 200 220
"GET /cart/view_cart/ HTTP/1.1" 302 0
Not Found: /accounts/login/
"GET /accounts/login/?next=/cart/view_cart/ HTTP/1.1" 404 5292
"GET /static/font-awesome/fonts/fontawesome-webfont.woff2?v=4.7.0 HTTP/1.1" 200 77160
"GET /static/img/search-hover.svg HTTP/1.1" 200 220
"GET /static/img/favicon.ico HTTP/1.1" 200 246846
"GET /static/img/user-hover.svg HTTP/1.1" 200 277
"GET /account/login/ HTTP/1.1" 200 14843
"GET /static/css/mainPage.css HTTP/1.1" 304 0
"GET /cart/view_cart/ HTTP/1.1" 302 0
Not Found: /accounts/login/
"GET /accounts/login/?next=/cart/view_cart/ HTTP/1.1" 404 5292
"GET /static/img/cancel-hover.svg HTTP/1.1" 200 276
"GET /static/img/shopping-cart-hover.svg HTTP/1.1" 200 617
"GET /account/login/ HTTP/1.1" 200 14843
"GET /static/css/mainPage.css HTTP/1.1" 200 12201
"GET /cart/view_cart/ HTTP/1.1" 302 0
Not Found: /accounts/login/
"GET /accounts/login/?next=/cart/view_cart/ HTTP/1.1" 404 5292
"GET /account/login/ HTTP/1.1" 200 14843
"GET /static/css/mainPage.css HTTP/1.1" 200 12149
"GET /cart/view_cart/ HTTP/1.1" 302 0
Not Found: /accounts/login/
"GET /accounts/login/?next=/cart/view_cart/ HTTP/1.1" 404 5292
"GET /account/login/ HTTP/1.1" 200 14843
"GET /static/css/mainPage.css HTTP/1.1" 200 12285
"GET /cart/view_cart/ HTTP/1.1" 302 0
Not Found: /accounts/login/
"GET /accounts/login/?next=/cart/view_cart/ HTTP/1.1" 404 5292
"GET /account/login/ HTTP/1.1" 200 14843
"GET /static/css/mainPage.css HTTP/1.1" 200 12149
"GET /cart/view_cart/ HTTP/1.1" 302 0
Not Found: /accounts/login/
"GET /accounts/login/?next=/cart/view_cart/ HTTP/1.1" 404 5292
"GET /account/login/ HTTP/1.1" 200 14854
"GET /static/css/mainPage.css HTTP/1.1" 200 12145
"GET /cart/view_cart/ HTTP/1.1" 302 0
Not Found: /accounts/login/
"GET /accounts/login/?next=/cart/view_cart/ HTTP/1.1" 404 5292
"GET /account/login/ HTTP/1.1" 200 14854
"GET /static/css/mainPage.css HTTP/1.1" 304 0
"GET /cart/view_cart/ HTTP/1.1" 302 0
Not Found: /accounts/login/
"GET /accounts/login/?next=/cart/view_cart/ HTTP/1.1" 404 5292
"GET /account/login/ HTTP/1.1" 200 14854
"GET /static/js/header.js HTTP/1.1" 200 587
"GET /static/css/footer.css HTTP/1.1" 200 2685
"GET /static/css/mainPage.css HTTP/1.1" 200 12145
"GET /static/css/collections_list.css HTTP/1.1" 200 942
"GET /static/css/collection_list.css HTTP/1.1" 200 1054
"GET /static/css/logged_out.css HTTP/1.1" 200 384
"GET /static/css/login.css HTTP/1.1" 200 1492
"GET /static/font-awesome/css/font-awesome.min.css HTTP/1.1" 200 31004
"GET /static/js/jquery.js HTTP/1.1" 200 299461
"GET /static/js/ajax_search.js HTTP/1.1" 200 1381
"GET /static/js/ajax_cart.js HTTP/1.1" 200 1306
"GET /static/img/logo.jpg HTTP/1.1" 200 40755
"GET /static/img/search.svg HTTP/1.1" 200 220
"GET /static/img/cancel.svg HTTP/1.1" 200 276
"GET /static/img/search-button.svg HTTP/1.1" 200 220
"GET /static/img/user.svg HTTP/1.1" 200 277
"GET /static/img/shopping-cart.svg HTTP/1.1" 200 617
"GET /static/font-awesome/fonts/fontawesome-webfont.woff2?v=4.7.0 HTTP/1.1" 200 77160
"GET /cart/view_cart/ HTTP/1.1" 302 0
Not Found: /accounts/login/
"GET /accounts/login/?next=/cart/view_cart/ HTTP/1.1" 404 5292
"GET /static/img/favicon.ico HTTP/1.1" 200 246846
"GET /static/img/search-hover.svg HTTP/1.1" 200 220
"GET /static/img/cancel-hover.svg HTTP/1.1" 200 276
"GET /static/img/user-hover.svg HTTP/1.1" 200 277
"GET /account/login/ HTTP/1.1" 200 14854
"GET /static/css/mainPage.css HTTP/1.1" 304 0
"GET /static/js/header.js HTTP/1.1" 200 389
"GET /cart/view_cart/ HTTP/1.1" 302 0
Not Found: /accounts/login/
"GET /accounts/login/?next=/cart/view_cart/ HTTP/1.1" 404 5292
"GET /account/login/ HTTP/1.1" 200 14854
"GET /static/js/header.js HTTP/1.1" 304 0
"GET /cart/view_cart/ HTTP/1.1" 302 0
Not Found: /accounts/login/
"GET /accounts/login/?next=/cart/view_cart/ HTTP/1.1" 404 5292
"GET /account/login/ HTTP/1.1" 200 14854
"GET /static/js/header.js HTTP/1.1" 304 0
"GET /cart/view_cart/ HTTP/1.1" 302 0
Not Found: /accounts/login/
"GET /accounts/login/?next=/cart/view_cart/ HTTP/1.1" 404 5292
"GET /account/login/ HTTP/1.1" 200 14854
"GET /static/js/header.js HTTP/1.1" 304 0
"GET /cart/view_cart/ HTTP/1.1" 302 0
Not Found: /accounts/login/
"GET /accounts/login/?next=/cart/view_cart/ HTTP/1.1" 404 5292
"GET /static/img/shopping-cart-hover.svg HTTP/1.1" 200 617
"GET /account/login/ HTTP/1.1" 200 14854
"GET /static/js/header.js HTTP/1.1" 200 389
"GET /static/css/mainPage.css HTTP/1.1" 200 12145
"GET /static/css/footer.css HTTP/1.1" 200 2685
"GET /static/css/collections_list.css HTTP/1.1" 200 942
"GET /static/css/collection_list.css HTTP/1.1" 200 1054
"GET /static/css/logged_out.css HTTP/1.1" 200 384
"GET /static/css/login.css HTTP/1.1" 200 1492
"GET /static/font-awesome/css/font-awesome.min.css HTTP/1.1" 200 31004
"GET /static/js/jquery.js HTTP/1.1" 200 299461
"GET /static/js/ajax_search.js HTTP/1.1" 200 1381
"GET /static/js/ajax_cart.js HTTP/1.1" 200 1306
"GET /static/img/logo.jpg HTTP/1.1" 200 40755
"GET /static/img/search.svg HTTP/1.1" 200 220
"GET /static/img/search-button.svg HTTP/1.1" 200 220
"GET /static/img/user.svg HTTP/1.1" 200 277
"GET /static/img/shopping-cart.svg HTTP/1.1" 200 617
"GET /static/img/cancel.svg HTTP/1.1" 200 276
"GET /static/font-awesome/fonts/fontawesome-webfont.woff2?v=4.7.0 HTTP/1.1" 200 77160
"GET /cart/view_cart/ HTTP/1.1" 302 0
Not Found: /accounts/login/
"GET /accounts/login/?next=/cart/view_cart/ HTTP/1.1" 404 5292
"GET /static/img/favicon.ico HTTP/1.1" 200 246846
"GET /static/img/search-hover.svg HTTP/1.1" 200 220
"GET /static/img/cancel-hover.svg HTTP/1.1" 200 276
"GET /static/img/shopping-cart-hover.svg HTTP/1.1" 200 617
"GET /static/img/user-hover.svg HTTP/1.1" 200 277
"GET /account/login/ HTTP/1.1" 200 14854
"GET /static/js/header.js HTTP/1.1" 304 0
"GET /cart/view_cart/ HTTP/1.1" 302 0
Not Found: /accounts/login/
"GET /accounts/login/?next=/cart/view_cart/ HTTP/1.1" 404 5292
"GET /account/login/ HTTP/1.1" 200 14853
"GET /static/js/header.js HTTP/1.1" 304 0
"GET /static/css/mainPage.css HTTP/1.1" 304 0
"GET /cart/view_cart/ HTTP/1.1" 302 0
Not Found: /accounts/login/
"GET /accounts/login/?next=/cart/view_cart/ HTTP/1.1" 404 5292
"GET /account/login/ HTTP/1.1" 200 14853
"GET /static/js/header.js HTTP/1.1" 304 0
"GET /static/css/mainPage.css HTTP/1.1" 304 0
"GET /cart/view_cart/ HTTP/1.1" 302 0
Not Found: /accounts/login/
"GET /accounts/login/?next=/cart/view_cart/ HTTP/1.1" 404 5292
"GET /account/login/ HTTP/1.1" 200 14843
"GET /static/js/header.js HTTP/1.1" 200 391
"GET /static/css/mainPage.css HTTP/1.1" 304 0
"GET /cart/view_cart/ HTTP/1.1" 302 0
Not Found: /accounts/login/
"GET /accounts/login/?next=/cart/view_cart/ HTTP/1.1" 404 5292
"GET /account/login/ HTTP/1.1" 200 14843
"GET /static/js/header.js HTTP/1.1" 304 0
"GET /cart/view_cart/ HTTP/1.1" 302 0
Not Found: /accounts/login/
"GET /accounts/login/?next=/cart/view_cart/ HTTP/1.1" 404 5292
"GET /account/login/ HTTP/1.1" 200 14843
"GET /static/js/header.js HTTP/1.1" 304 0
"GET /static/css/mainPage.css HTTP/1.1" 304 0
"GET /cart/view_cart/ HTTP/1.1" 302 0
Not Found: /accounts/login/
"GET /accounts/login/?next=/cart/view_cart/ HTTP/1.1" 404 5292
"GET /account/login/ HTTP/1.1" 200 14843
"GET /cart/view_cart/ HTTP/1.1" 302 0
Not Found: /accounts/login/
"GET /accounts/login/?next=/cart/view_cart/ HTTP/1.1" 404 5292
"GET /account/login/ HTTP/1.1" 200 14843
"GET /static/js/header.js HTTP/1.1" 304 0
"GET /cart/view_cart/ HTTP/1.1" 302 0
Not Found: /accounts/login/
"GET /accounts/login/?next=/cart/view_cart/ HTTP/1.1" 404 5292
"GET /account/login/ HTTP/1.1" 200 14843
"GET /static/css/mainPage.css HTTP/1.1" 304 0
"GET /static/js/header.js HTTP/1.1" 200 408
"GET /cart/view_cart/ HTTP/1.1" 302 0
Not Found: /accounts/login/
"GET /accounts/login/?next=/cart/view_cart/ HTTP/1.1" 404 5292
"GET /account/login/ HTTP/1.1" 200 14843
"GET /static/js/header.js HTTP/1.1" 200 408
"GET /static/css/mainPage.css HTTP/1.1" 200 12145
"GET /static/css/footer.css HTTP/1.1" 200 2685
"GET /static/css/collections_list.css HTTP/1.1" 200 942
"GET /static/css/collection_list.css HTTP/1.1" 200 1054
"GET /static/css/logged_out.css HTTP/1.1" 200 384
"GET /static/css/login.css HTTP/1.1" 200 1492
"GET /static/font-awesome/css/font-awesome.min.css HTTP/1.1" 200 31004
"GET /static/js/jquery.js HTTP/1.1" 200 299461
"GET /static/js/ajax_search.js HTTP/1.1" 200 1381
"GET /static/js/ajax_cart.js HTTP/1.1" 200 1306
"GET /static/img/logo.jpg HTTP/1.1" 200 40755
"GET /static/img/search.svg HTTP/1.1" 200 220
"GET /static/img/search-button.svg HTTP/1.1" 200 220
"GET /static/img/user.svg HTTP/1.1" 200 277
"GET /static/img/cancel.svg HTTP/1.1" 200 276
"GET /static/img/shopping-cart.svg HTTP/1.1" 200 617
"GET /static/font-awesome/fonts/fontawesome-webfont.woff2?v=4.7.0 HTTP/1.1" 200 77160
"GET /cart/view_cart/ HTTP/1.1" 302 0
Not Found: /accounts/login/
"GET /accounts/login/?next=/cart/view_cart/ HTTP/1.1" 404 5292
"GET /static/img/favicon.ico HTTP/1.1" 200 246846
"GET /static/img/search-hover.svg HTTP/1.1" 200 220
"GET /static/img/cancel-hover.svg HTTP/1.1" 200 276
"GET /static/img/user-hover.svg HTTP/1.1" 200 277
"GET /account/login/ HTTP/1.1" 200 14843
"GET /static/js/header.js HTTP/1.1" 200 391
"GET /cart/view_cart/ HTTP/1.1" 302 0
Not Found: /accounts/login/
"GET /accounts/login/?next=/cart/view_cart/ HTTP/1.1" 404 5292
"GET /static/img/shopping-cart-hover.svg HTTP/1.1" 200 617
"GET /account/login/ HTTP/1.1" 200 14843
"GET /static/js/header.js HTTP/1.1" 200 391
"GET /static/css/mainPage.css HTTP/1.1" 200 12145
"GET /static/css/login.css HTTP/1.1" 200 1492
"GET /static/css/collections_list.css HTTP/1.1" 200 942
"GET /static/css/footer.css HTTP/1.1" 200 2685
"GET /static/css/collection_list.css HTTP/1.1" 200 1054
"GET /static/css/logged_out.css HTTP/1.1" 200 384
"GET /static/font-awesome/css/font-awesome.min.css HTTP/1.1" 200 31004
"GET /static/js/jquery.js HTTP/1.1" 200 299461
"GET /static/js/ajax_search.js HTTP/1.1" 200 1381
"GET /static/js/ajax_cart.js HTTP/1.1" 200 1306
"GET /static/img/logo.jpg HTTP/1.1" 200 40755
"GET /static/img/cancel.svg HTTP/1.1" 200 276
"GET /static/img/shopping-cart.svg HTTP/1.1" 200 617
"GET /static/img/search-button.svg HTTP/1.1" 200 220
"GET /static/img/search.svg HTTP/1.1" 200 220
"GET /static/img/user.svg HTTP/1.1" 200 277
"GET /static/font-awesome/fonts/fontawesome-webfont.woff2?v=4.7.0 HTTP/1.1" 200 77160
"GET /cart/view_cart/ HTTP/1.1" 302 0
Not Found: /accounts/login/
"GET /accounts/login/?next=/cart/view_cart/ HTTP/1.1" 404 5292
"GET /static/img/favicon.ico HTTP/1.1" 200 246846
"GET /static/img/search-hover.svg HTTP/1.1" 200 220
"GET /static/img/cancel-hover.svg HTTP/1.1" 200 276
"GET /static/img/user-hover.svg HTTP/1.1" 200 277
"GET /account/login/ HTTP/1.1" 200 14843
"GET /static/js/header.js HTTP/1.1" 200 394
"GET /cart/view_cart/ HTTP/1.1" 302 0
Not Found: /accounts/login/
"GET /accounts/login/?next=/cart/view_cart/ HTTP/1.1" 404 5292
"GET / HTTP/1.1" 200 14831
"GET /static/js/header.js HTTP/1.1" 304 0
"GET /static/css/slider.css HTTP/1.1" 200 2204
"GET /static/js/slider.js HTTP/1.1" 200 1479
"GET /static/img/img-slider/omori_banner1_71c5059d-da1e-4e64-b7e2-bf14d1545962_2048x.webp HTTP/1.1" 200 394408
"GET /static/img/img-slider/omori_preorder_banner_2048x.webp HTTP/1.1" 200 342868
"GET /static/img/img-slider/plush_preorder_banner_2048x.webp HTTP/1.1" 200 268164
"GET /cart/view_cart/ HTTP/1.1" 302 0
Not Found: /accounts/login/
"GET /accounts/login/?next=/cart/view_cart/ HTTP/1.1" 404 5292
"GET /account/login/ HTTP/1.1" 200 14843
"GET /static/js/header.js HTTP/1.1" 304 0
"GET /cart/view_cart/ HTTP/1.1" 302 0
Not Found: /accounts/login/
"GET /accounts/login/?next=/cart/view_cart/ HTTP/1.1" 404 5292
"GET /static/img/shopping-cart-hover.svg HTTP/1.1" 200 617
"GET /account/login/ HTTP/1.1" 200 14843
"GET /static/js/header.js HTTP/1.1" 304 0
"GET /cart/view_cart/ HTTP/1.1" 302 0
Not Found: /accounts/login/
"GET /accounts/login/?next=/cart/view_cart/ HTTP/1.1" 404 5292
"GET /collections HTTP/1.1" 301 0
"GET /collections/ HTTP/1.1" 200 14458
"GET /static/js/header.js HTTP/1.1" 304 0
"GET /static/css/mainPage.css HTTP/1.1" 304 0
"GET /cart/view_cart/ HTTP/1.1" 302 0
Not Found: /accounts/login/
"GET /accounts/login/?next=/cart/view_cart/ HTTP/1.1" 404 5292
"GET / HTTP/1.1" 200 14831
"GET /cart/view_cart/ HTTP/1.1" 302 0
Not Found: /accounts/login/
"GET /accounts/login/?next=/cart/view_cart/ HTTP/1.1" 404 5292
"GET / HTTP/1.1" 200 14831
"GET /static/js/header.js HTTP/1.1" 304 0
"GET /cart/view_cart/ HTTP/1.1" 302 0
Not Found: /accounts/login/
"GET /accounts/login/?next=/cart/view_cart/ HTTP/1.1" 404 5292
Watching for file changes with StatReloader
"GET / HTTP/1.1" 200 14831
"GET /cart/view_cart/ HTTP/1.1" 302 0
Not Found: /accounts/login/
"GET /accounts/login/?next=/cart/view_cart/ HTTP/1.1" 404 5292
"GET / HTTP/1.1" 200 14831
"GET / HTTP/1.1" 200 14831
"GET /cart/view_cart/ HTTP/1.1" 302 0
Not Found: /accounts/login/
"GET /accounts/login/?next=/cart/view_cart/ HTTP/1.1" 404 5292
"GET / HTTP/1.1" 200 14831
"GET /static/js/header.js HTTP/1.1" 200 394
"GET /static/font-awesome/css/font-awesome.min.css HTTP/1.1" 200 31004
"GET /static/css/slider.css HTTP/1.1" 200 2204
"GET /static/css/collections_list.css HTTP/1.1" 200 942
"GET /static/js/jquery.js HTTP/1.1" 200 299461
"GET /static/css/logged_out.css HTTP/1.1" 200 384
"GET /static/css/footer.css HTTP/1.1" 200 2685
"GET /static/css/mainPage.css HTTP/1.1" 200 12145
"GET /static/css/collection_list.css HTTP/1.1" 200 1054
"GET /static/js/slider.js HTTP/1.1" 200 1479
"GET /static/js/ajax_search.js HTTP/1.1" 200 1381
"GET /static/js/ajax_cart.js HTTP/1.1" 200 1306
"GET /static/img/logo.jpg HTTP/1.1" 200 40755
"GET /static/img/img-slider/omori_banner1_71c5059d-da1e-4e64-b7e2-bf14d1545962_2048x.webp HTTP/1.1" 200 394408
"GET /static/img/img-slider/omori_preorder_banner_2048x.webp HTTP/1.1" 200 342868
"GET /static/img/img-slider/plush_preorder_banner_2048x.webp HTTP/1.1" 200 268164
"GET /static/img/user.svg HTTP/1.1" 200 277
"GET /static/img/search-button.svg HTTP/1.1" 200 220
"GET /static/img/cancel.svg HTTP/1.1" 200 276
"GET /static/img/search.svg HTTP/1.1" 200 220
"GET /static/img/shopping-cart.svg HTTP/1.1" 200 617
"GET /static/font-awesome/fonts/fontawesome-webfont.woff2?v=4.7.0 HTTP/1.1" 200 77160
"GET /cart/view_cart/ HTTP/1.1" 302 0
Not Found: /accounts/login/
"GET /accounts/login/?next=/cart/view_cart/ HTTP/1.1" 404 5292
"GET /static/img/favicon.ico HTTP/1.1" 200 246846
"GET /static/img/shopping-cart-hover.svg HTTP/1.1" 200 617
"GET /static/img/user-hover.svg HTTP/1.1" 200 277
"GET /static/img/search-hover.svg HTTP/1.1" 200 220
"GET /static/img/cancel-hover.svg HTTP/1.1" 200 276
"GET / HTTP/1.1" 200 14831
"GET /cart/view_cart/ HTTP/1.1" 302 0
Not Found: /accounts/login/
"GET /accounts/login/?next=/cart/view_cart/ HTTP/1.1" 404 5292
Not Found: /accounts/login/
"GET /accounts/login/?next=/cart/view_cart/ HTTP/1.1" 404 5292
"GET / HTTP/1.1" 200 14831
"GET /static/css/mainPage.css HTTP/1.1" 304 0
"GET /static/js/header.js HTTP/1.1" 200 491
"GET /cart/view_cart/ HTTP/1.1" 302 0
Not Found: /accounts/login/
"GET /accounts/login/?next=/cart/view_cart/ HTTP/1.1" 404 5292
"GET / HTTP/1.1" 200 14831
"GET /static/js/header.js HTTP/1.1" 304 0
"GET /cart/view_cart/ HTTP/1.1" 302 0
Not Found: /accounts/login/
"GET /accounts/login/?next=/cart/view_cart/ HTTP/1.1" 404 5292
"GET / HTTP/1.1" 200 14831
"GET /cart/view_cart/ HTTP/1.1" 302 0
Not Found: /accounts/login/
"GET /accounts/login/?next=/cart/view_cart/ HTTP/1.1" 404 5292
"GET / HTTP/1.1" 200 14831
"GET /cart/view_cart/ HTTP/1.1" 302 0
Not Found: /accounts/login/
"GET /accounts/login/?next=/cart/view_cart/ HTTP/1.1" 404 5292
"GET / HTTP/1.1" 200 14831
"GET /cart/view_cart/ HTTP/1.1" 302 0
Not Found: /accounts/login/
"GET /accounts/login/?next=/cart/view_cart/ HTTP/1.1" 404 5292
"GET / HTTP/1.1" 200 14831
"GET /static/js/header.js HTTP/1.1" 304 0
"GET /static/css/mainPage.css HTTP/1.1" 304 0
"GET /cart/view_cart/ HTTP/1.1" 302 0
Not Found: /accounts/login/
"GET /accounts/login/?next=/cart/view_cart/ HTTP/1.1" 404 5292
"GET / HTTP/1.1" 200 14831
"GET /cart/view_cart/ HTTP/1.1" 302 0
Not Found: /accounts/login/
"GET /accounts/login/?next=/cart/view_cart/ HTTP/1.1" 404 5292
"GET / HTTP/1.1" 200 14831
"GET /cart/view_cart/ HTTP/1.1" 302 0
Not Found: /accounts/login/
"GET /accounts/login/?next=/cart/view_cart/ HTTP/1.1" 404 5292
"GET / HTTP/1.1" 200 14831
"GET /cart/view_cart/ HTTP/1.1" 302 0
Not Found: /accounts/login/
"GET /accounts/login/?next=/cart/view_cart/ HTTP/1.1" 404 5292
"GET / HTTP/1.1" 200 14831
"GET /cart/view_cart/ HTTP/1.1" 302 0
Not Found: /accounts/login/
"GET /accounts/login/?next=/cart/view_cart/ HTTP/1.1" 404 5292
"GET / HTTP/1.1" 200 14831
"GET /cart/view_cart/ HTTP/1.1" 302 0
Not Found: /accounts/login/
"GET /accounts/login/?next=/cart/view_cart/ HTTP/1.1" 404 5292
"GET / HTTP/1.1" 200 14831
"GET /cart/view_cart/ HTTP/1.1" 302 0
Not Found: /accounts/login/
"GET /accounts/login/?next=/cart/view_cart/ HTTP/1.1" 404 5292
"GET / HTTP/1.1" 200 14831
"GET /static/js/header.js HTTP/1.1" 200 491
"GET /static/css/mainPage.css HTTP/1.1" 200 12145
"GET /static/css/footer.css HTTP/1.1" 200 2685
"GET /static/css/collections_list.css HTTP/1.1" 200 942
"GET /static/css/collection_list.css HTTP/1.1" 200 1054
"GET /static/css/logged_out.css HTTP/1.1" 200 384
"GET /static/css/slider.css HTTP/1.1" 200 2204
"GET /static/font-awesome/css/font-awesome.min.css HTTP/1.1" 200 31004
"GET /static/js/jquery.js HTTP/1.1" 200 299461
"GET /static/js/slider.js HTTP/1.1" 200 1479
"GET /static/js/ajax_search.js HTTP/1.1" 200 1381
"GET /static/js/ajax_cart.js HTTP/1.1" 200 1306
"GET /static/img/logo.jpg HTTP/1.1" 200 40755
"GET /static/img/img-slider/omori_banner1_71c5059d-da1e-4e64-b7e2-bf14d1545962_2048x.webp HTTP/1.1" 200 394408
"GET /static/img/img-slider/omori_preorder_banner_2048x.webp HTTP/1.1" 200 342868
"GET /static/img/img-slider/plush_preorder_banner_2048x.webp HTTP/1.1" 200 268164
"GET /static/img/search-button.svg HTTP/1.1" 200 220
"GET /static/img/search.svg HTTP/1.1" 200 220
"GET /static/img/shopping-cart.svg HTTP/1.1" 200 617
"GET /static/img/cancel.svg HTTP/1.1" 200 276
"GET /static/img/user.svg HTTP/1.1" 200 277
"GET /static/font-awesome/fonts/fontawesome-webfont.woff2?v=4.7.0 HTTP/1.1" 200 77160
"GET /cart/view_cart/ HTTP/1.1" 302 0
Not Found: /accounts/login/
"GET /accounts/login/?next=/cart/view_cart/ HTTP/1.1" 404 5292
"GET /static/img/search-hover.svg HTTP/1.1" 200 220
"GET /static/img/favicon.ico HTTP/1.1" 200 246846
"GET /static/img/cancel-hover.svg HTTP/1.1" 200 276
"GET / HTTP/1.1" 200 14831
"GET /static/js/header.js HTTP/1.1" 200 483
"GET /static/img/shopping-cart-hover.svg HTTP/1.1" 200 617
"GET /cart/view_cart/ HTTP/1.1" 302 0
Not Found: /accounts/login/
"GET /accounts/login/?next=/cart/view_cart/ HTTP/1.1" 404 5292
"GET /static/img/user-hover.svg HTTP/1.1" 200 277
"GET /static/css/mainPage.css HTTP/1.1" 304 0
"GET / HTTP/1.1" 200 14831
"GET /static/js/header.js HTTP/1.1" 304 0
"GET /static/css/mainPage.css HTTP/1.1" 304 0
"GET / HTTP/1.1" 200 14831
"GET /cart/view_cart/ HTTP/1.1" 302 0
Not Found: /accounts/login/
"GET /accounts/login/?next=/cart/view_cart/ HTTP/1.1" 404 5292
"GET / HTTP/1.1" 200 14831
"GET /cart/view_cart/ HTTP/1.1" 302 0
Not Found: /accounts/login/
"GET /accounts/login/?next=/cart/view_cart/ HTTP/1.1" 404 5292
"GET / HTTP/1.1" 200 14831
"GET /static/css/mainPage.css HTTP/1.1" 304 0
"GET /static/js/header.js HTTP/1.1" 200 492
"GET /cart/view_cart/ HTTP/1.1" 302 0
Not Found: /accounts/login/
"GET /accounts/login/?next=/cart/view_cart/ HTTP/1.1" 404 5292
"GET / HTTP/1.1" 200 14831
"GET /static/js/header.js HTTP/1.1" 304 0
"GET /cart/view_cart/ HTTP/1.1" 302 0
Not Found: /accounts/login/
"GET /accounts/login/?next=/cart/view_cart/ HTTP/1.1" 404 5292
"GET / HTTP/1.1" 200 14831
"GET /cart/view_cart/ HTTP/1.1" 302 0
Not Found: /accounts/login/
"GET /accounts/login/?next=/cart/view_cart/ HTTP/1.1" 404 5292
"GET / HTTP/1.1" 200 14831
"GET /static/js/header.js HTTP/1.1" 200 492
"GET /static/css/mainPage.css HTTP/1.1" 200 12145
"GET /static/css/footer.css HTTP/1.1" 200 2685
"GET /static/css/collections_list.css HTTP/1.1" 200 942
"GET /static/css/collection_list.css HTTP/1.1" 200 1054
"GET /static/css/logged_out.css HTTP/1.1" 200 384
"GET /static/css/slider.css HTTP/1.1" 200 2224
"GET /static/font-awesome/css/font-awesome.min.css HTTP/1.1" 200 31004
"GET /static/js/jquery.js HTTP/1.1" 200 299461
"GET /static/js/slider.js HTTP/1.1" 200 1479
"GET /static/js/ajax_search.js HTTP/1.1" 200 1381
"GET /static/js/ajax_cart.js HTTP/1.1" 200 1306
"GET /static/img/logo.jpg HTTP/1.1" 200 40755
"GET /static/img/img-slider/omori_banner1_71c5059d-da1e-4e64-b7e2-bf14d1545962_2048x.webp HTTP/1.1" 200 394408
"GET /static/img/img-slider/omori_preorder_banner_2048x.webp HTTP/1.1" 200 342868
"GET /static/img/img-slider/plush_preorder_banner_2048x.webp HTTP/1.1" 200 268164
"GET /static/img/search.svg HTTP/1.1" 200 220
"GET /static/img/search-button.svg HTTP/1.1" 200 220
"GET /static/img/cancel.svg HTTP/1.1" 200 276
"GET /static/img/user.svg HTTP/1.1" 200 277
"GET /static/img/shopping-cart.svg HTTP/1.1" 200 617
"GET /static/font-awesome/fonts/fontawesome-webfont.woff2?v=4.7.0 HTTP/1.1" 200 77160
"GET /cart/view_cart/ HTTP/1.1" 302 0
Not Found: /accounts/login/
"GET /accounts/login/?next=/cart/view_cart/ HTTP/1.1" 404 5292
"GET /static/img/favicon.ico HTTP/1.1" 200 246846
"GET / HTTP/1.1" 200 14831
"GET /static/js/header.js HTTP/1.1" 304 0
"GET /static/css/slider.css HTTP/1.1" 200 2212
"GET /cart/view_cart/ HTTP/1.1" 302 0
Not Found: /accounts/login/
"GET /accounts/login/?next=/cart/view_cart/ HTTP/1.1" 404 5292
"GET / HTTP/1.1" 200 14831
"GET /static/css/slider.css HTTP/1.1" 200 2208
"GET /cart/view_cart/ HTTP/1.1" 302 0
Not Found: /accounts/login/
"GET /accounts/login/?next=/cart/view_cart/ HTTP/1.1" 404 5292
"GET / HTTP/1.1" 200 14831
"GET /static/css/slider.css HTTP/1.1" 200 2207
"GET /cart/view_cart/ HTTP/1.1" 302 0
Not Found: /accounts/login/
"GET /accounts/login/?next=/cart/view_cart/ HTTP/1.1" 404 5292
"GET / HTTP/1.1" 200 14831
"GET /static/js/header.js HTTP/1.1" 304 0
"GET /static/css/slider.css HTTP/1.1" 200 2207
"GET /cart/view_cart/ HTTP/1.1" 302 0
Not Found: /accounts/login/
"GET /accounts/login/?next=/cart/view_cart/ HTTP/1.1" 404 5292
"GET / HTTP/1.1" 200 14831
"GET /static/css/slider.css HTTP/1.1" 200 2207
"GET /cart/view_cart/ HTTP/1.1" 302 0
Not Found: /accounts/login/
"GET /accounts/login/?next=/cart/view_cart/ HTTP/1.1" 404 5292
"GET / HTTP/1.1" 200 14831
"GET /static/js/header.js HTTP/1.1" 304 0
"GET /static/css/slider.css HTTP/1.1" 304 0
"GET /cart/view_cart/ HTTP/1.1" 302 0
Not Found: /accounts/login/
"GET /accounts/login/?next=/cart/view_cart/ HTTP/1.1" 404 5292
"GET /static/img/search-hover.svg HTTP/1.1" 200 220
"GET /static/img/user-hover.svg HTTP/1.1" 200 277
"GET / HTTP/1.1" 200 14753
"GET /static/js/header.js HTTP/1.1" 304 0
"GET /static/css/slider.css HTTP/1.1" 304 0
"GET /cart/view_cart/ HTTP/1.1" 302 0
Not Found: /accounts/login/
"GET /accounts/login/?next=/cart/view_cart/ HTTP/1.1" 404 5292
"GET / HTTP/1.1" 200 14753
"GET /static/js/header.js HTTP/1.1" 304 0
"GET /static/css/mainPage.css HTTP/1.1" 304 0
"GET /static/css/slider.css HTTP/1.1" 200 2275
"GET /cart/view_cart/ HTTP/1.1" 302 0
Not Found: /accounts/login/
"GET /accounts/login/?next=/cart/view_cart/ HTTP/1.1" 404 5292
"GET / HTTP/1.1" 200 14753
"GET /static/css/slider.css HTTP/1.1" 200 2207
"GET /cart/view_cart/ HTTP/1.1" 302 0
Not Found: /accounts/login/
"GET /accounts/login/?next=/cart/view_cart/ HTTP/1.1" 404 5292
"GET / HTTP/1.1" 200 14753
"GET /static/css/slider.css HTTP/1.1" 304 0
"GET /cart/view_cart/ HTTP/1.1" 302 0
Not Found: /accounts/login/
"GET /accounts/login/?next=/cart/view_cart/ HTTP/1.1" 404 5292
"GET / HTTP/1.1" 200 14753
"GET /static/css/slider.css HTTP/1.1" 304 0
"GET /cart/view_cart/ HTTP/1.1" 302 0
Not Found: /accounts/login/
"GET /accounts/login/?next=/cart/view_cart/ HTTP/1.1" 404 5292
"GET / HTTP/1.1" 200 14753
"GET /static/js/header.js HTTP/1.1" 304 0
"GET /static/css/slider.css HTTP/1.1" 304 0
"GET /cart/view_cart/ HTTP/1.1" 302 0
Not Found: /accounts/login/
"GET /accounts/login/?next=/cart/view_cart/ HTTP/1.1" 404 5292
"GET / HTTP/1.1" 200 14753
"GET /static/js/header.js HTTP/1.1" 200 492
"GET /static/css/mainPage.css HTTP/1.1" 200 12145
"GET /static/css/collection_list.css HTTP/1.1" 200 1054
"GET /static/css/slider.css HTTP/1.1" 200 2207
"GET /static/css/collections_list.css HTTP/1.1" 200 942
"GET /static/css/logged_out.css HTTP/1.1" 200 384
"GET /static/css/footer.css HTTP/1.1" 200 2685
"GET /static/font-awesome/css/font-awesome.min.css HTTP/1.1" 200 31004
"GET /static/js/jquery.js HTTP/1.1" 200 299461
"GET /static/js/slider.js HTTP/1.1" 200 1482
"GET /static/js/ajax_search.js HTTP/1.1" 200 1381
"GET /static/js/ajax_cart.js HTTP/1.1" 200 1306
"GET /static/img/logo.jpg HTTP/1.1" 200 40755
"GET /static/img/img-slider/omori_banner1_71c5059d-da1e-4e64-b7e2-bf14d1545962_2048x.webp HTTP/1.1" 200 394408
"GET /static/img/img-slider/omori_preorder_banner_2048x.webp HTTP/1.1" 200 342868
"GET /static/img/img-slider/plush_preorder_banner_2048x.webp HTTP/1.1" 200 268164
"GET /static/img/search-button.svg HTTP/1.1" 200 220
"GET /static/img/shopping-cart.svg HTTP/1.1" 200 617
"GET /static/img/cancel.svg HTTP/1.1" 200 276
"GET /static/img/search.svg HTTP/1.1" 200 220
"GET /static/img/user.svg HTTP/1.1" 200 277
"GET /static/font-awesome/fonts/fontawesome-webfont.woff2?v=4.7.0 HTTP/1.1" 200 77160
"GET /cart/view_cart/ HTTP/1.1" 302 0
Not Found: /accounts/login/
"GET /accounts/login/?next=/cart/view_cart/ HTTP/1.1" 404 5292
"GET /static/img/favicon.ico HTTP/1.1" 200 246846
"GET / HTTP/1.1" 200 14753
"GET /static/css/slider.css HTTP/1.1" 200 2275
"GET /static/js/slider.js HTTP/1.1" 304 0
"GET /cart/view_cart/ HTTP/1.1" 302 0
Not Found: /accounts/login/
"GET /accounts/login/?next=/cart/view_cart/ HTTP/1.1" 404 5292
"GET / HTTP/1.1" 200 14753
"GET /static/css/slider.css HTTP/1.1" 200 2207
"GET /cart/view_cart/ HTTP/1.1" 302 0
Not Found: /accounts/login/
"GET /accounts/login/?next=/cart/view_cart/ HTTP/1.1" 404 5292
"GET / HTTP/1.1" 200 14753
"GET /static/js/header.js HTTP/1.1" 304 0
"GET /static/css/slider.css HTTP/1.1" 200 2215
"GET /static/js/slider.js HTTP/1.1" 304 0
"GET /cart/view_cart/ HTTP/1.1" 302 0
Not Found: /accounts/login/
"GET /accounts/login/?next=/cart/view_cart/ HTTP/1.1" 404 5292
"GET / HTTP/1.1" 200 14753
"GET /static/css/slider.css HTTP/1.1" 200 2207
"GET /cart/view_cart/ HTTP/1.1" 302 0
Not Found: /accounts/login/
"GET /accounts/login/?next=/cart/view_cart/ HTTP/1.1" 404 5292
"GET /static/css/slider.css HTTP/1.1" 304 0
"GET / HTTP/1.1" 200 14753
"GET /static/js/header.js HTTP/1.1" 304 0
"GET /static/css/slider.css HTTP/1.1" 200 2203
"GET /static/js/slider.js HTTP/1.1" 304 0
"GET /cart/view_cart/ HTTP/1.1" 302 0
Not Found: /accounts/login/
"GET /accounts/login/?next=/cart/view_cart/ HTTP/1.1" 404 5292
"GET / HTTP/1.1" 200 14753
"GET /static/css/slider.css HTTP/1.1" 304 0
"GET /static/js/slider.js HTTP/1.1" 304 0
"GET /cart/view_cart/ HTTP/1.1" 302 0
Not Found: /accounts/login/
"GET /accounts/login/?next=/cart/view_cart/ HTTP/1.1" 404 5292
"GET / HTTP/1.1" 200 14753
"GET /static/js/header.js HTTP/1.1" 304 0
"GET /static/css/slider.css HTTP/1.1" 304 0
"GET /static/css/mainPage.css HTTP/1.1" 304 0
"GET /static/js/slider.js HTTP/1.1" 304 0
"GET /cart/view_cart/ HTTP/1.1" 302 0
Not Found: /accounts/login/
"GET /accounts/login/?next=/cart/view_cart/ HTTP/1.1" 404 5292
"GET / HTTP/1.1" 200 14753
"GET /cart/view_cart/ HTTP/1.1" 302 0
Not Found: /accounts/login/
"GET /accounts/login/?next=/cart/view_cart/ HTTP/1.1" 404 5292
"GET / HTTP/1.1" 200 14753
"GET /static/js/slider.js HTTP/1.1" 304 0
"GET /static/css/slider.css HTTP/1.1" 200 2266
"GET /cart/view_cart/ HTTP/1.1" 302 0
Not Found: /accounts/login/
"GET /accounts/login/?next=/cart/view_cart/ HTTP/1.1" 404 5292
"GET /static/css/slider.css HTTP/1.1" 304 0
"GET / HTTP/1.1" 200 14753
"GET /static/js/header.js HTTP/1.1" 304 0
"GET /static/css/slider.css HTTP/1.1" 200 2265
"GET /static/js/slider.js HTTP/1.1" 304 0
"GET /cart/view_cart/ HTTP/1.1" 302 0
Not Found: /accounts/login/
"GET /accounts/login/?next=/cart/view_cart/ HTTP/1.1" 404 5292
"GET / HTTP/1.1" 200 14753
"GET /static/css/slider.css HTTP/1.1" 200 2266
"GET /cart/view_cart/ HTTP/1.1" 302 0
Not Found: /accounts/login/
"GET /accounts/login/?next=/cart/view_cart/ HTTP/1.1" 404 5292
"GET / HTTP/1.1" 200 14753
"GET /static/css/slider.css HTTP/1.1" 200 2270
"GET /cart/view_cart/ HTTP/1.1" 302 0
Not Found: /accounts/login/
"GET /accounts/login/?next=/cart/view_cart/ HTTP/1.1" 404 5292
"GET / HTTP/1.1" 200 14753
"GET /static/css/mainPage.css HTTP/1.1" 304 0
"GET /static/css/slider.css HTTP/1.1" 200 2266
"GET /static/js/slider.js HTTP/1.1" 304 0
"GET /cart/view_cart/ HTTP/1.1" 302 0
Not Found: /accounts/login/
"GET /accounts/login/?next=/cart/view_cart/ HTTP/1.1" 404 5292
"GET / HTTP/1.1" 200 14753
"GET /static/css/slider.css HTTP/1.1" 304 0
"GET /cart/view_cart/ HTTP/1.1" 302 0
Not Found: /accounts/login/
"GET /accounts/login/?next=/cart/view_cart/ HTTP/1.1" 404 5292
"GET / HTTP/1.1" 200 14753
"GET /static/css/slider.css HTTP/1.1" 304 0
"GET /cart/view_cart/ HTTP/1.1" 302 0
Not Found: /accounts/login/
"GET /accounts/login/?next=/cart/view_cart/ HTTP/1.1" 404 5292
"GET /static/img/search-hover.svg HTTP/1.1" 200 220
"GET / HTTP/1.1" 200 14753
"GET /static/js/header.js HTTP/1.1" 200 492
"GET /static/css/mainPage.css HTTP/1.1" 200 12145
"GET /static/css/collections_list.css HTTP/1.1" 200 942
"GET /static/css/footer.css HTTP/1.1" 200 2685
"GET /static/css/collection_list.css HTTP/1.1" 200 1054
"GET /static/css/logged_out.css HTTP/1.1" 200 384
"GET /static/css/slider.css HTTP/1.1" 200 2266
"GET /static/font-awesome/css/font-awesome.min.css HTTP/1.1" 200 31004
"GET /static/js/jquery.js HTTP/1.1" 200 299461
"GET /static/js/slider.js HTTP/1.1" 200 1482
"GET /static/js/ajax_search.js HTTP/1.1" 200 1381
"GET /static/js/ajax_cart.js HTTP/1.1" 200 1416
"GET /static/img/logo.jpg HTTP/1.1" 200 40755
"GET /static/img/img-slider/omori_banner1_71c5059d-da1e-4e64-b7e2-bf14d1545962_2048x.webp HTTP/1.1" 200 394408
"GET /static/img/img-slider/omori_preorder_banner_2048x.webp HTTP/1.1" 200 342868
"GET /static/img/img-slider/plush_preorder_banner_2048x.webp HTTP/1.1" 200 268164
"GET /static/img/shopping-cart.svg HTTP/1.1" 200 617
"GET /static/img/search-button.svg HTTP/1.1" 200 220
"GET /static/img/search.svg HTTP/1.1" 200 220
"GET /static/img/cancel.svg HTTP/1.1" 200 276
"GET /static/img/user.svg HTTP/1.1" 200 277
"GET /static/font-awesome/fonts/fontawesome-webfont.woff2?v=4.7.0 HTTP/1.1" 200 77160
"GET /static/img/favicon.ico HTTP/1.1" 200 246846
"GET /static/img/search-hover.svg HTTP/1.1" 200 220
"GET /static/img/cancel-hover.svg HTTP/1.1" 200 276
"GET / HTTP/1.1" 200 14753
"GET /static/css/slider.css HTTP/1.1" 304 0
"GET /static/js/ajax_cart.js HTTP/1.1" 304 0
"GET /static/js/slider.js HTTP/1.1" 200 1479
"GET /static/img/user-hover.svg HTTP/1.1" 200 277
"GET /static/img/shopping-cart-hover.svg HTTP/1.1" 200 617
Watching for file changes with StatReloader
"GET / HTTP/1.1" 200 14753
"GET /static/js/header.js HTTP/1.1" 304 0
"GET /static/css/footer.css HTTP/1.1" 304 0
"GET /static/css/collections_list.css HTTP/1.1" 304 0
"GET /static/css/collection_list.css HTTP/1.1" 304 0
"GET /static/css/logged_out.css HTTP/1.1" 304 0
"GET /static/css/mainPage.css HTTP/1.1" 200 12233
"GET /static/font-awesome/css/font-awesome.min.css HTTP/1.1" 304 0
"GET /static/css/slider.css HTTP/1.1" 304 0
"GET /static/js/jquery.js HTTP/1.1" 304 0
"GET /static/js/slider.js HTTP/1.1" 304 0
"GET /static/js/ajax_search.js HTTP/1.1" 304 0
"GET /static/js/ajax_cart.js HTTP/1.1" 304 0
"GET /static/img/logo.jpg HTTP/1.1" 304 0
"GET /static/img/img-slider/omori_banner1_71c5059d-da1e-4e64-b7e2-bf14d1545962_2048x.webp HTTP/1.1" 304 0
"GET /static/img/img-slider/omori_preorder_banner_2048x.webp HTTP/1.1" 304 0
"GET /static/img/img-slider/plush_preorder_banner_2048x.webp HTTP/1.1" 304 0
"GET /static/font-awesome/fonts/fontawesome-webfont.woff2?v=4.7.0 HTTP/1.1" 304 0
"GET /static/img/search.svg HTTP/1.1" 304 0
"GET /static/img/search-button.svg HTTP/1.1" 304 0
"GET /static/img/cancel.svg HTTP/1.1" 304 0
"GET /static/img/user.svg HTTP/1.1" 304 0
"GET /static/img/shopping-cart.svg HTTP/1.1" 304 0
"GET / HTTP/1.1" 200 14753
"GET /static/img/favicon.ico HTTP/1.1" 304 0
"GET /admin/shop/goods/ HTTP/1.1" 302 0
"GET /admin/login/?next=/admin/shop/goods/ HTTP/1.1" 200 2324
"GET /static/admin/css/base.css HTTP/1.1" 200 19513
"GET /static/admin/css/nav_sidebar.css HTTP/1.1" 200 2616
"GET /static/admin/css/login.css HTTP/1.1" 200 954
"GET / HTTP/1.1" 200 14753
"GET /static/admin/js/nav_sidebar.js HTTP/1.1" 200 3763
"GET /static/admin/css/responsive.css HTTP/1.1" 200 18575
"GET /static/admin/css/fonts.css HTTP/1.1" 200 423
"GET /static/admin/fonts/Roboto-Regular-webfont.woff HTTP/1.1" 200 85876
Not Found: /favicon.ico
"GET /favicon.ico HTTP/1.1" 404 5258
"GET /static/admin/fonts/Roboto-Light-webfont.woff HTTP/1.1" 200 85692
